D:\IGRAPHICS\DEBUG\IGRAPHICS.EXE
D:\IGRAPHICS\DEBUG\IGRAPHICS.ILK
D:\IGRAPHICS\DEBUG\IGRAPHICS.PDB
D:\IGRAPHICS\IGRAPHICS\DEBUG\CCCC.OBJ
D:\IGRAPHICS\IGRAPHICS\DEBUG\CLOCK FINAL.OBJ
D:\IGRAPHICS\IGRAPHICS\DEBUG\IGRAPHICS.EXE.INTERMEDIATE.MANIFEST
D:\IGRAPHICS\IGRAPHICS\DEBUG\TEST.OBJ
D:\IGRAPHICS\IGRAPHICS\DEBUG\VC100.PDB
F:\IGRAPHICS\DEBUG\IGRAPHICS.EXE
F:\IGRAPHICS\DEBUG\IGRAPHICS.ILK
F:\IGRAPHICS\DEBUG\IGRAPHICS.PDB
F:\IGRAPHICS\IGRAPHICS\DEBUG\BALLDEMO.OBJ
F:\IGRAPHICS\IGRAPHICS\DEBUG\IGRAPHICS.EXE.INTERMEDIATE.MANIFEST
F:\IGRAPHICS\IGRAPHICS\DEBUG\IMAIN.OBJ
F:\IGRAPHICS\IGRAPHICS\DEBUG\MOUSEDEMO.OBJ
F:\IGRAPHICS\IGRAPHICS\DEBUG\TEST 3.OBJ
F:\IGRAPHICS\IGRAPHICS\DEBUG\TEST.OBJ
F:\IGRAPHICS\IGRAPHICS\DEBUG\TEXTINPUTDEMO.OBJ
F:\IGRAPHICS\IGRAPHICS\DEBUG\VC100.PDB
F:\IGRAPHICS\IGRAPHICS\DEBUG\WATCH.OBJ
G:\IGRAPHICS\IGRAPHICS\DEBUG\BALLDEMO.OBJ
G:\IGraphics\IGraphics\Debug\cccc.obj
G:\IGraphics\IGraphics\Debug\cl.command.1.tlog
G:\IGraphics\IGraphics\Debug\CL.read.1.tlog
G:\IGraphics\IGraphics\Debug\CL.write.1.tlog
G:\IGraphics\IGraphics\Debug\clock final.obj
G:\IGRAPHICS\IGRAPHICS\DEBUG\IGRAPHICS.EXE
G:\IGRAPHICS\IGRAPHICS\DEBUG\IGRAPHICS.EXE.INTERMEDIATE.MANIFEST
G:\IGRAPHICS\IGRAPHICS\DEBUG\IGRAPHICS.ILK
G:\IGRAPHICS\IGRAPHICS\DEBUG\IGRAPHICS.PDB
G:\IGraphics\IGraphics\Debug\IGraphics.vcxprojResolveAssemblyReference.cache
G:\IGraphics\IGraphics\Debug\IGraphics.write.1.tlog
G:\IGRAPHICS\IGRAPHICS\DEBUG\IMAIN.OBJ
G:\IGraphics\IGraphics\Debug\link.command.1.tlog
G:\IGraphics\IGraphics\Debug\link.read.1.tlog
G:\IGraphics\IGraphics\Debug\link.write.1.tlog
G:\IGraphics\IGraphics\Debug\MouseDemo.obj
G:\IGraphics\IGraphics\Debug\mt.command.1.tlog
G:\IGraphics\IGraphics\Debug\mt.read.1.tlog
G:\IGraphics\IGraphics\Debug\mt.write.1.tlog
G:\IGRAPHICS\IGRAPHICS\DEBUG\SNAKE.OBJ
G:\IGraphics\IGraphics\Debug\test 3.obj
G:\IGRAPHICS\IGRAPHICS\DEBUG\TEST.OBJ
G:\IGRAPHICS\IGRAPHICS\DEBUG\TEST_S.OBJ
G:\IGraphics\IGraphics\Debug\TextInputDemo.obj
G:\IGraphics\IGraphics\Debug\vc100.idb
G:\IGRAPHICS\IGRAPHICS\DEBUG\VC100.PDB
G:\IGraphics\IGraphics\Debug\watch.obj
